At time 0 process 1 started arr 1 total 6 remain 6 wait 0
At time 1 process 1 stoped arr 1 total 6 remain 5 wait 0
At time 1 process 1 started arr 1 total 6 remain 5 wait 0
At time 2 process 1 stoped arr 1 total 6 remain 4 wait 0
At time 2 process 2 started arr 2 total 2 remain 2 wait 0
At time 3 process 2 stoped arr 2 total 2 remain 1 wait 0
At time 3 process 1 resumed arr 1 total 6 remain 4 wait 1
At time 4 process 1 stoped arr 1 total 6 remain 3 wait 1
At time 4 process 2 resumed arr 2 total 2 remain 1 wait 1
At time 5 process 2 finished arr 2 total 2 remain 0 wait 0 TA -2 WTA -1
At time 5 process 3 started arr 4 total 4 remain 4 wait 1
At time 6 process 3 stoped arr 4 total 4 remain 3 wait 1
At time 6 process 1 resumed arr 1 total 6 remain 3 wait 3
At time 7 process 1 finished arr 2 total 2 remain 0 wait 1 TA 3 WTA 1
At time 7 process 3 resumed arr 4 total 4 remain 3 wait 2
At time 8 process 3 stoped arr 4 total 4 remain 2 wait 2
At time 8 process 3 resumed arr 4 total 4 remain 2 wait 2
At time 9 process 3 finished arr 4 total 4 remain 0 wait 2 TA 5 WTA 1
At time 10 process 4 started arr 10 total 3 remain 3 wait 0
At time 11 process 4 stoped arr 10 total 3 remain 2 wait 0
At time 11 process 4 resumed arr 10 total 3 remain 2 wait 0
At time 12 process 4 stoped arr 10 total 3 remain 1 wait 0
At time 12 process 4 resumed arr 10 total 3 remain 1 wait 0
At time 13 process 4 finished arr 10 total 3 remain 0 wait 0 TA 3 WTA 1
At time 13 process 5 started arr 13 total 5 remain 5 wait 0
At time 14 process 5 stoped arr 13 total 5 remain 4 wait 0
At time 14 process 5 resumed arr 13 total 5 remain 4 wait 0
At time 15 process 5 stoped arr 13 total 5 remain 3 wait 0
At time 15 process 5 resumed arr 13 total 5 remain 3 wait 0
At time 16 process 5 stoped arr 13 total 5 remain 2 wait 0
At time 16 process 5 resumed arr 13 total 5 remain 2 wait 0
At time 17 process 5 stoped arr 13 total 5 remain 1 wait 0
At time 17 process 5 resumed arr 13 total 5 remain 1 wait 0
At time 18 process 5 finished arr 13 total 5 remain 0 wait 0 TA 5 WTA 1
